VR_Code/Library/Bee/Android/Prj/IL2CPP/Gradle/launcher/build/intermediates/manifest_merge_blame_file/release/manifest-merger-blame-release-report.txt
1<?xml version="1.0" encoding="utf-8"?>
2<manifest xmlns:android="http://schemas.android.com/apk/res/android"
3    package="com.DefaultCompany.TapeteMgico"
4    android:installLocation="preferExternal"
5    android:versionCode="1"
6    android:versionName="0.1" >
7
8    <uses-sdk
9        android:minSdkVersion="29"
9-->src\main\AndroidManifest.xml
10        android:targetSdkVersion="30" />
10-->src\main\AndroidManifest.xml
11
12    <supports-screens
12-->src\main\AndroidManifest.xml:3:3-163
13        android:anyDensity="true"
13-->src\main\AndroidManifest.xml:3:135-160
14        android:largeScreens="true"
14-->src\main\AndroidManifest.xml:3:78-105
15        android:normalScreens="true"
15-->src\main\AndroidManifest.xml:3:49-77
16        android:smallScreens="true"
16-->src\main\AndroidManifest.xml:3:21-48
17        android:xlargeScreens="true" />
17-->src\main\AndroidManifest.xml:3:106-134
18
19    <uses-feature android:glEsVersion="0x00030000" />
19-->[:unityLibrary] AndroidManifest.xml:12:5-54
19-->[:unityLibrary] AndroidManifest.xml:12:19-51
20    <uses-feature
20-->[:unityLibrary] AndroidManifest.xml:13:5-15:36
21        android:name="android.hardware.vulkan.version"
21-->[:unityLibrary] AndroidManifest.xml:14:9-55
22        android:required="false" />
22-->[:unityLibrary] AndroidManifest.xml:15:9-33
23
24    <uses-permission android:name="android.permission.INTERNET" />
24-->[:unityLibrary] AndroidManifest.xml:17:5-67
24-->[:unityLibrary] AndroidManifest.xml:17:22-64
25
26    <uses-feature
26-->[:unityLibrary] AndroidManifest.xml:19:5-21:36
27        android:name="android.hardware.touchscreen"
27-->[:unityLibrary] AndroidManifest.xml:20:9-52
28        android:required="false" />
28-->[:unityLibrary] AndroidManifest.xml:21:9-33
29    <uses-feature
29-->[:unityLibrary] AndroidManifest.xml:22:5-24:36
30        android:name="android.hardware.touchscreen.multitouch"
30-->[:unityLibrary] AndroidManifest.xml:23:9-63
31        android:required="false" />
31-->[:unityLibrary] AndroidManifest.xml:24:9-33
32    <uses-feature
32-->[:unityLibrary] AndroidManifest.xml:25:5-27:36
33        android:name="android.hardware.touchscreen.multitouch.distinct"
33-->[:unityLibrary] AndroidManifest.xml:26:9-72
34        android:required="false" />
34-->[:unityLibrary] AndroidManifest.xml:27:9-33
35
36    <uses-permission android:name="android.permission.WRITE_SETTINGS" />
36-->[:unityLibrary] AndroidManifest.xml:29:5-73
36-->[:unityLibrary] AndroidManifest.xml:29:22-70
37    <uses-permission android:name="com.picovr.permission.EYE_TRACKING" />
37-->[:unityLibrary] AndroidManifest.xml:30:5-74
37-->[:unityLibrary] AndroidManifest.xml:30:22-71
38
39    <application
39-->src\main\AndroidManifest.xml:4:3-83
40        android:allowBackup="false"
40-->[:pxr_api-release:] AndroidManifest.xml:9:18-45
41        android:extractNativeLibs="true"
41-->[:unityLibrary] AndroidManifest.xml:33:9-41
42        android:icon="@mipmap/app_icon"
42-->src\main\AndroidManifest.xml:4:49-80
43        android:label="@string/app_name"
43-->src\main\AndroidManifest.xml:4:16-48
44        android:requestLegacyExternalStorage="true" >
44-->[:unityLibrary] AndroidManifest.xml:34:9-52
45        <activity
45-->[:unityLibrary] AndroidManifest.xml:35:9-55:20
46            android:name="com.unity3d.player.UnityPlayerActivity"
46-->[:unityLibrary] AndroidManifest.xml:36:13-66
47            android:configChanges="mcc|mnc|locale|touchscreen|keyboard|keyboardHidden|navigation|orientation|screenLayout|uiMode|screenSize|smallestScreenSize|fontScale|layoutDirection|density"
47-->[:unityLibrary] AndroidManifest.xml:37:13-194
48            android:hardwareAccelerated="false"
48-->[:unityLibrary] AndroidManifest.xml:38:13-48
49            android:launchMode="singleTask"
49-->[:unityLibrary] AndroidManifest.xml:39:13-44
50            android:resizeableActivity="false"
50-->[:unityLibrary] AndroidManifest.xml:40:13-47
51            android:screenOrientation="landscape"
51-->[:unityLibrary] AndroidManifest.xml:41:13-50
52            android:theme="@style/UnityThemeSelector" >
52-->[:unityLibrary] AndroidManifest.xml:42:13-54
53            <intent-filter>
53-->[:unityLibrary] AndroidManifest.xml:43:13-47:29
54                <action android:name="android.intent.action.MAIN" />
54-->[:unityLibrary] AndroidManifest.xml:44:17-69
54-->[:unityLibrary] AndroidManifest.xml:44:25-66
55
56                <category android:name="android.intent.category.LAUNCHER" />
56-->[:unityLibrary] AndroidManifest.xml:46:17-77
56-->[:unityLibrary] AndroidManifest.xml:46:27-74
57            </intent-filter>
58
59            <meta-data
59-->[:unityLibrary] AndroidManifest.xml:49:13-51:40
60                android:name="unityplayer.UnityActivity"
60-->[:unityLibrary] AndroidManifest.xml:50:17-57
61                android:value="true" />
61-->[:unityLibrary] AndroidManifest.xml:51:17-37
62            <meta-data
62-->[:unityLibrary] AndroidManifest.xml:52:13-54:40
63                android:name="android.notch_support"
63-->[:unityLibrary] AndroidManifest.xml:53:17-53
64                android:value="true" />
64-->[:unityLibrary] AndroidManifest.xml:54:17-37
65        </activity>
66
67        <meta-data
67-->[:unityLibrary] AndroidManifest.xml:57:9-59:33
68            android:name="unity.splash-mode"
68-->[:unityLibrary] AndroidManifest.xml:58:13-45
69            android:value="0" />
69-->[:unityLibrary] AndroidManifest.xml:59:13-30
70        <meta-data
70-->[:unityLibrary] AndroidManifest.xml:60:9-62:36
71            android:name="unity.splash-enable"
71-->[:unityLibrary] AndroidManifest.xml:61:13-47
72            android:value="True" />
72-->[:unityLibrary] AndroidManifest.xml:62:13-33
73        <meta-data
73-->[:unityLibrary] AndroidManifest.xml:63:9-65:36
74            android:name="unity.launch-fullscreen"
74-->[:unityLibrary] AndroidManifest.xml:64:13-51
75            android:value="True" />
75-->[:unityLibrary] AndroidManifest.xml:65:13-33
76        <meta-data
76-->[:unityLibrary] AndroidManifest.xml:66:9-68:37
77            android:name="unity.allow-resizable-window"
77-->[:unityLibrary] AndroidManifest.xml:67:13-56
78            android:value="False" />
78-->[:unityLibrary] AndroidManifest.xml:68:13-34
79        <meta-data
79-->[:unityLibrary] AndroidManifest.xml:69:9-71:50
80            android:name="notch.config"
80-->[:unityLibrary] AndroidManifest.xml:70:13-40
81            android:value="portrait|landscape" />
81-->[:unityLibrary] AndroidManifest.xml:71:13-47
82        <meta-data
82-->[:unityLibrary] AndroidManifest.xml:72:9-74:36
83            android:name="unity.auto-report-fully-drawn"
83-->[:unityLibrary] AndroidManifest.xml:73:13-57
84            android:value="true" />
84-->[:unityLibrary] AndroidManifest.xml:74:13-33
85        <meta-data
85-->[:unityLibrary] AndroidManifest.xml:75:9-77:44
86            android:name="pvr.app.id"
86-->[:unityLibrary] AndroidManifest.xml:76:13-38
87            android:value="9877u89h97gh" />
87-->[:unityLibrary] AndroidManifest.xml:77:13-41
88        <meta-data
88-->[:unityLibrary] AndroidManifest.xml:78:9-80:36
89            android:name="use_record_highlight_feature"
89-->[:unityLibrary] AndroidManifest.xml:79:13-56
90            android:value="True" />
90-->[:unityLibrary] AndroidManifest.xml:80:13-33
91        <meta-data
91-->[:unityLibrary] AndroidManifest.xml:81:9-83:34
92            android:name="pvr.app.type"
92-->[:unityLibrary] AndroidManifest.xml:82:13-40
93            android:value="vr" />
93-->[:unityLibrary] AndroidManifest.xml:83:13-31
94        <meta-data
94-->[:unityLibrary] AndroidManifest.xml:84:9-86:49
95            android:name="pvr.sdk.version"
95-->[:unityLibrary] AndroidManifest.xml:85:13-43
96            android:value="XR Platform_2.3.4" />
96-->[:unityLibrary] AndroidManifest.xml:86:13-46
97        <meta-data
97-->[:unityLibrary] AndroidManifest.xml:87:9-89:33
98            android:name="enable_cpt"
98-->[:unityLibrary] AndroidManifest.xml:88:13-38
99            android:value="0" />
99-->[:unityLibrary] AndroidManifest.xml:89:13-30
100        <meta-data
100-->[:unityLibrary] AndroidManifest.xml:90:9-92:33
101            android:name="handtracking"
101-->[:unityLibrary] AndroidManifest.xml:91:13-40
102            android:value="1" />
102-->[:unityLibrary] AndroidManifest.xml:92:13-30
103        <meta-data
103-->[:unityLibrary] AndroidManifest.xml:93:9-95:33
104            android:name="rendering_mode"
104-->[:unityLibrary] AndroidManifest.xml:94:13-42
105            android:value="1" />
105-->[:unityLibrary] AndroidManifest.xml:95:13-30
106        <meta-data
106-->[:unityLibrary] AndroidManifest.xml:96:9-98:33
107            android:name="display_rate"
107-->[:unityLibrary] AndroidManifest.xml:97:13-40
108            android:value="0" />
108-->[:unityLibrary] AndroidManifest.xml:98:13-30
109        <meta-data
109-->[:unityLibrary] AndroidManifest.xml:99:9-101:33
110            android:name="color_Space"
110-->[:unityLibrary] AndroidManifest.xml:100:13-39
111            android:value="1" />
111-->[:unityLibrary] AndroidManifest.xml:101:13-30
112        <meta-data
112-->[:unityLibrary] AndroidManifest.xml:102:9-104:33
113            android:name="MRCsupport"
113-->[:unityLibrary] AndroidManifest.xml:103:13-38
114            android:value="1" />
114-->[:unityLibrary] AndroidManifest.xml:104:13-30
115        <meta-data
115-->[:unityLibrary] AndroidManifest.xml:105:9-107:33
116            android:name="pvr.LateLatching"
116-->[:unityLibrary] AndroidManifest.xml:106:13-44
117            android:value="0" />
117-->[:unityLibrary] AndroidManifest.xml:107:13-30
118        <meta-data
118-->[:unityLibrary] AndroidManifest.xml:108:9-110:33
119            android:name="pvr.LateLatchingDebug"
119-->[:unityLibrary] AndroidManifest.xml:109:13-49
120            android:value="0" />
120-->[:unityLibrary] AndroidManifest.xml:110:13-30
121        <meta-data
121-->[:unityLibrary] AndroidManifest.xml:111:9-113:33
122            android:name="pvr.app.splash"
122-->[:unityLibrary] AndroidManifest.xml:112:13-42
123            android:value="0" />
123-->[:unityLibrary] AndroidManifest.xml:113:13-30
124        <meta-data
124-->[:unityLibrary] AndroidManifest.xml:114:9-116:33
125            android:name="PICO.swift.feature"
125-->[:unityLibrary] AndroidManifest.xml:115:13-46
126            android:value="0" />
126-->[:unityLibrary] AndroidManifest.xml:116:13-30
127        <meta-data
127-->[:unityLibrary] AndroidManifest.xml:117:9-119:33
128            android:name="adaptive_resolution"
128-->[:unityLibrary] AndroidManifest.xml:118:13-47
129            android:value="0" />
129-->[:unityLibrary] AndroidManifest.xml:119:13-30
130        <meta-data
130-->[:unityLibrary] AndroidManifest.xml:120:9-122:33
131            android:name="mr_map_require"
131-->[:unityLibrary] AndroidManifest.xml:121:13-42
132            android:value="0" />
132-->[:unityLibrary] AndroidManifest.xml:122:13-30
133        <meta-data
133-->[:unityLibrary] AndroidManifest.xml:123:9-125:33
134            android:name="enable_mr"
134-->[:unityLibrary] AndroidManifest.xml:124:13-37
135            android:value="0" />
135-->[:unityLibrary] AndroidManifest.xml:125:13-30
136        <meta-data
136-->[:unityLibrary] AndroidManifest.xml:126:9-128:33
137            android:name="enable_vst"
137-->[:unityLibrary] AndroidManifest.xml:127:13-38
138            android:value="0" />
138-->[:unityLibrary] AndroidManifest.xml:128:13-30
139        <meta-data
139-->[:unityLibrary] AndroidManifest.xml:129:9-131:33
140            android:name="enable_anchor"
140-->[:unityLibrary] AndroidManifest.xml:130:13-41
141            android:value="0" />
141-->[:unityLibrary] AndroidManifest.xml:131:13-30
142        <meta-data
142-->[:unityLibrary] AndroidManifest.xml:132:9-134:33
143            android:name="mr_map_mgr_auto_start"
143-->[:unityLibrary] AndroidManifest.xml:133:13-49
144            android:value="0" />
144-->[:unityLibrary] AndroidManifest.xml:134:13-30
145        <meta-data
145-->[:unityLibrary] AndroidManifest.xml:135:9-137:33
146            android:name="picovr.software.eye_tracking"
146-->[:unityLibrary] AndroidManifest.xml:136:13-56
147            android:value="1" />
147-->[:unityLibrary] AndroidManifest.xml:137:13-30
148        <meta-data
148-->[:unityLibrary] AndroidManifest.xml:138:9-140:36
149            android:name="eyetracking_calibration"
149-->[:unityLibrary] AndroidManifest.xml:139:13-51
150            android:value="true" />
150-->[:unityLibrary] AndroidManifest.xml:140:13-33
151        <meta-data
151-->[:unityLibrary] AndroidManifest.xml:75:9-77:44
152            android:name="pvr.app.id"
152-->[:unityLibrary] AndroidManifest.xml:76:13-38
153            android:value="9877u89h97gh" />
153-->[:unityLibrary] AndroidManifest.xml:77:13-41
154        <meta-data
154-->[:unityLibrary] AndroidManifest.xml:78:9-80:36
155            android:name="use_record_highlight_feature"
155-->[:unityLibrary] AndroidManifest.xml:79:13-56
156            android:value="True" />
156-->[:unityLibrary] AndroidManifest.xml:80:13-33
157        <meta-data
157-->[:unityLibrary] AndroidManifest.xml:75:9-77:44
158            android:name="pvr.app.id"
158-->[:unityLibrary] AndroidManifest.xml:76:13-38
159            android:value="9877u89h97gh" />
159-->[:unityLibrary] AndroidManifest.xml:77:13-41
160        <meta-data
160-->[:unityLibrary] AndroidManifest.xml:78:9-80:36
161            android:name="use_record_highlight_feature"
161-->[:unityLibrary] AndroidManifest.xml:79:13-56
162            android:value="True" />
162-->[:unityLibrary] AndroidManifest.xml:80:13-33
163        <meta-data
163-->[:unityLibrary] AndroidManifest.xml:75:9-77:44
164            android:name="pvr.app.id"
164-->[:unityLibrary] AndroidManifest.xml:76:13-38
165            android:value="9877u89h97gh" />
165-->[:unityLibrary] AndroidManifest.xml:77:13-41
166        <meta-data
166-->[:unityLibrary] AndroidManifest.xml:78:9-80:36
167            android:name="use_record_highlight_feature"
167-->[:unityLibrary] AndroidManifest.xml:79:13-56
168            android:value="True" />
168-->[:unityLibrary] AndroidManifest.xml:80:13-33
169        <meta-data
169-->[:unityLibrary] AndroidManifest.xml:75:9-77:44
170            android:name="pvr.app.id"
170-->[:unityLibrary] AndroidManifest.xml:76:13-38
171            android:value="9877u89h97gh" />
171-->[:unityLibrary] AndroidManifest.xml:77:13-41
172        <meta-data
172-->[:unityLibrary] AndroidManifest.xml:78:9-80:36
173            android:name="use_record_highlight_feature"
173-->[:unityLibrary] AndroidManifest.xml:79:13-56
174            android:value="True" />
174-->[:unityLibrary] AndroidManifest.xml:80:13-33
175        <meta-data
175-->[:unityLibrary] AndroidManifest.xml:75:9-77:44
176            android:name="pvr.app.id"
176-->[:unityLibrary] AndroidManifest.xml:76:13-38
177            android:value="9877u89h97gh" />
177-->[:unityLibrary] AndroidManifest.xml:77:13-41
178        <meta-data
178-->[:unityLibrary] AndroidManifest.xml:78:9-80:36
179            android:name="use_record_highlight_feature"
179-->[:unityLibrary] AndroidManifest.xml:79:13-56
180            android:value="True" />
180-->[:unityLibrary] AndroidManifest.xml:80:13-33
181        <meta-data
181-->[:unityLibrary] AndroidManifest.xml:75:9-77:44
182            android:name="pvr.app.id"
182-->[:unityLibrary] AndroidManifest.xml:76:13-38
183            android:value="9877u89h97gh" />
183-->[:unityLibrary] AndroidManifest.xml:77:13-41
184        <meta-data
184-->[:unityLibrary] AndroidManifest.xml:78:9-80:36
185            android:name="use_record_highlight_feature"
185-->[:unityLibrary] AndroidManifest.xml:79:13-56
186            android:value="True" />
186-->[:unityLibrary] AndroidManifest.xml:80:13-33
187        <meta-data
187-->[:unityLibrary] AndroidManifest.xml:75:9-77:44
188            android:name="pvr.app.id"
188-->[:unityLibrary] AndroidManifest.xml:76:13-38
189            android:value="9877u89h97gh" />
189-->[:unityLibrary] AndroidManifest.xml:77:13-41
190        <meta-data
190-->[:unityLibrary] AndroidManifest.xml:78:9-80:36
191            android:name="use_record_highlight_feature"
191-->[:unityLibrary] AndroidManifest.xml:79:13-56
192            android:value="True" />
192-->[:unityLibrary] AndroidManifest.xml:80:13-33
193        <meta-data
193-->[:unityLibrary] AndroidManifest.xml:75:9-77:44
194            android:name="pvr.app.id"
194-->[:unityLibrary] AndroidManifest.xml:76:13-38
195            android:value="9877u89h97gh" />
195-->[:unityLibrary] AndroidManifest.xml:77:13-41
196        <meta-data
196-->[:unityLibrary] AndroidManifest.xml:78:9-80:36
197            android:name="use_record_highlight_feature"
197-->[:unityLibrary] AndroidManifest.xml:79:13-56
198            android:value="True" />
198-->[:unityLibrary] AndroidManifest.xml:80:13-33
199        <meta-data
199-->[:unityLibrary] AndroidManifest.xml:75:9-77:44
200            android:name="pvr.app.id"
200-->[:unityLibrary] AndroidManifest.xml:76:13-38
201            android:value="9877u89h97gh" />
201-->[:unityLibrary] AndroidManifest.xml:77:13-41
202        <meta-data
202-->[:unityLibrary] AndroidManifest.xml:78:9-80:36
203            android:name="use_record_highlight_feature"
203-->[:unityLibrary] AndroidManifest.xml:79:13-56
204            android:value="True" />
204-->[:unityLibrary] AndroidManifest.xml:80:13-33
205        <meta-data
205-->[:unityLibrary] AndroidManifest.xml:75:9-77:44
206            android:name="pvr.app.id"
206-->[:unityLibrary] AndroidManifest.xml:76:13-38
207            android:value="9877u89h97gh" />
207-->[:unityLibrary] AndroidManifest.xml:77:13-41
208        <meta-data
208-->[:unityLibrary] AndroidManifest.xml:78:9-80:36
209            android:name="use_record_highlight_feature"
209-->[:unityLibrary] AndroidManifest.xml:79:13-56
210            android:value="True" />
210-->[:unityLibrary] AndroidManifest.xml:80:13-33
211        <meta-data
211-->[:unityLibrary] AndroidManifest.xml:75:9-77:44
212            android:name="pvr.app.id"
212-->[:unityLibrary] AndroidManifest.xml:76:13-38
213            android:value="9877u89h97gh" />
213-->[:unityLibrary] AndroidManifest.xml:77:13-41
214        <meta-data
214-->[:unityLibrary] AndroidManifest.xml:78:9-80:36
215            android:name="use_record_highlight_feature"
215-->[:unityLibrary] AndroidManifest.xml:79:13-56
216            android:value="True" />
216-->[:unityLibrary] AndroidManifest.xml:80:13-33
217        <meta-data
217-->[:unityLibrary] AndroidManifest.xml:75:9-77:44
218            android:name="pvr.app.id"
218-->[:unityLibrary] AndroidManifest.xml:76:13-38
219            android:value="9877u89h97gh" />
219-->[:unityLibrary] AndroidManifest.xml:77:13-41
220        <meta-data
220-->[:unityLibrary] AndroidManifest.xml:78:9-80:36
221            android:name="use_record_highlight_feature"
221-->[:unityLibrary] AndroidManifest.xml:79:13-56
222            android:value="True" />
222-->[:unityLibrary] AndroidManifest.xml:80:13-33
223        <meta-data
223-->[:unityLibrary] AndroidManifest.xml:75:9-77:44
224            android:name="pvr.app.id"
224-->[:unityLibrary] AndroidManifest.xml:76:13-38
225            android:value="9877u89h97gh" />
225-->[:unityLibrary] AndroidManifest.xml:77:13-41
226        <meta-data
226-->[:unityLibrary] AndroidManifest.xml:78:9-80:36
227            android:name="use_record_highlight_feature"
227-->[:unityLibrary] AndroidManifest.xml:79:13-56
228            android:value="True" />
228-->[:unityLibrary] AndroidManifest.xml:80:13-33
229        <meta-data
229-->[:unityLibrary] AndroidManifest.xml:75:9-77:44
230            android:name="pvr.app.id"
230-->[:unityLibrary] AndroidManifest.xml:76:13-38
231            android:value="9877u89h97gh" />
231-->[:unityLibrary] AndroidManifest.xml:77:13-41
232        <meta-data
232-->[:unityLibrary] AndroidManifest.xml:78:9-80:36
233            android:name="use_record_highlight_feature"
233-->[:unityLibrary] AndroidManifest.xml:79:13-56
234            android:value="True" />
234-->[:unityLibrary] AndroidManifest.xml:80:13-33
235        <meta-data
235-->[:unityLibrary] AndroidManifest.xml:75:9-77:44
236            android:name="pvr.app.id"
236-->[:unityLibrary] AndroidManifest.xml:76:13-38
237            android:value="9877u89h97gh" />
237-->[:unityLibrary] AndroidManifest.xml:77:13-41
238        <meta-data
238-->[:unityLibrary] AndroidManifest.xml:78:9-80:36
239            android:name="use_record_highlight_feature"
239-->[:unityLibrary] AndroidManifest.xml:79:13-56
240            android:value="True" />
240-->[:unityLibrary] AndroidManifest.xml:80:13-33
241        <meta-data
241-->[:unityLibrary] AndroidManifest.xml:75:9-77:44
242            android:name="pvr.app.id"
242-->[:unityLibrary] AndroidManifest.xml:76:13-38
243            android:value="9877u89h97gh" />
243-->[:unityLibrary] AndroidManifest.xml:77:13-41
244        <meta-data
244-->[:unityLibrary] AndroidManifest.xml:78:9-80:36
245            android:name="use_record_highlight_feature"
245-->[:unityLibrary] AndroidManifest.xml:79:13-56
246            android:value="True" />
246-->[:unityLibrary] AndroidManifest.xml:80:13-33
247        <meta-data
247-->[:unityLibrary] AndroidManifest.xml:75:9-77:44
248            android:name="pvr.app.id"
248-->[:unityLibrary] AndroidManifest.xml:76:13-38
249            android:value="9877u89h97gh" />
249-->[:unityLibrary] AndroidManifest.xml:77:13-41
250        <meta-data
250-->[:unityLibrary] AndroidManifest.xml:78:9-80:36
251            android:name="use_record_highlight_feature"
251-->[:unityLibrary] AndroidManifest.xml:79:13-56
252            android:value="True" />
252-->[:unityLibrary] AndroidManifest.xml:80:13-33
253        <meta-data
253-->[:unityLibrary] AndroidManifest.xml:75:9-77:44
254            android:name="pvr.app.id"
254-->[:unityLibrary] AndroidManifest.xml:76:13-38
255            android:value="9877u89h97gh" />
255-->[:unityLibrary] AndroidManifest.xml:77:13-41
256        <meta-data
256-->[:unityLibrary] AndroidManifest.xml:78:9-80:36
257            android:name="use_record_highlight_feature"
257-->[:unityLibrary] AndroidManifest.xml:79:13-56
258            android:value="True" />
258-->[:unityLibrary] AndroidManifest.xml:80:13-33
259        <meta-data
259-->[:unityLibrary] AndroidManifest.xml:75:9-77:44
260            android:name="pvr.app.id"
260-->[:unityLibrary] AndroidManifest.xml:76:13-38
261            android:value="9877u89h97gh" />
261-->[:unityLibrary] AndroidManifest.xml:77:13-41
262        <meta-data
262-->[:unityLibrary] AndroidManifest.xml:78:9-80:36
263            android:name="use_record_highlight_feature"
263-->[:unityLibrary] AndroidManifest.xml:79:13-56
264            android:value="True" />
264-->[:unityLibrary] AndroidManifest.xml:80:13-33
265        <meta-data
265-->[:unityLibrary] AndroidManifest.xml:75:9-77:44
266            android:name="pvr.app.id"
266-->[:unityLibrary] AndroidManifest.xml:76:13-38
267            android:value="9877u89h97gh" />
267-->[:unityLibrary] AndroidManifest.xml:77:13-41
268        <meta-data
268-->[:unityLibrary] AndroidManifest.xml:78:9-80:36
269            android:name="use_record_highlight_feature"
269-->[:unityLibrary] AndroidManifest.xml:79:13-56
270            android:value="True" />
270-->[:unityLibrary] AndroidManifest.xml:80:13-33
271        <meta-data
271-->[:unityLibrary] AndroidManifest.xml:75:9-77:44
272            android:name="pvr.app.id"
272-->[:unityLibrary] AndroidManifest.xml:76:13-38
273            android:value="9877u89h97gh" />
273-->[:unityLibrary] AndroidManifest.xml:77:13-41
274        <meta-data
274-->[:unityLibrary] AndroidManifest.xml:78:9-80:36
275            android:name="use_record_highlight_feature"
275-->[:unityLibrary] AndroidManifest.xml:79:13-56
276            android:value="True" />
276-->[:unityLibrary] AndroidManifest.xml:80:13-33
277        <meta-data
277-->[:unityLibrary] AndroidManifest.xml:75:9-77:44
278            android:name="pvr.app.id"
278-->[:unityLibrary] AndroidManifest.xml:76:13-38
279            android:value="9877u89h97gh" />
279-->[:unityLibrary] AndroidManifest.xml:77:13-41
280        <meta-data
280-->[:unityLibrary] AndroidManifest.xml:78:9-80:36
281            android:name="use_record_highlight_feature"
281-->[:unityLibrary] AndroidManifest.xml:79:13-56
282            android:value="True" />
282-->[:unityLibrary] AndroidManifest.xml:80:13-33
283        <meta-data
283-->[:unityLibrary] AndroidManifest.xml:75:9-77:44
284            android:name="pvr.app.id"
284-->[:unityLibrary] AndroidManifest.xml:76:13-38
285            android:value="9877u89h97gh" />
285-->[:unityLibrary] AndroidManifest.xml:77:13-41
286        <meta-data
286-->[:unityLibrary] AndroidManifest.xml:78:9-80:36
287            android:name="use_record_highlight_feature"
287-->[:unityLibrary] AndroidManifest.xml:79:13-56
288            android:value="True" />
288-->[:unityLibrary] AndroidManifest.xml:80:13-33
289        <meta-data
289-->[:unityLibrary] AndroidManifest.xml:75:9-77:44
290            android:name="pvr.app.id"
290-->[:unityLibrary] AndroidManifest.xml:76:13-38
291            android:value="9877u89h97gh" />
291-->[:unityLibrary] AndroidManifest.xml:77:13-41
292        <meta-data
292-->[:unityLibrary] AndroidManifest.xml:78:9-80:36
293            android:name="use_record_highlight_feature"
293-->[:unityLibrary] AndroidManifest.xml:79:13-56
294            android:value="True" />
294-->[:unityLibrary] AndroidManifest.xml:80:13-33
295        <meta-data
295-->[:unityLibrary] AndroidManifest.xml:75:9-77:44
296            android:name="pvr.app.id"
296-->[:unityLibrary] AndroidManifest.xml:76:13-38
297            android:value="9877u89h97gh" />
297-->[:unityLibrary] AndroidManifest.xml:77:13-41
298        <meta-data
298-->[:unityLibrary] AndroidManifest.xml:78:9-80:36
299            android:name="use_record_highlight_feature"
299-->[:unityLibrary] AndroidManifest.xml:79:13-56
300            android:value="True" />
300-->[:unityLibrary] AndroidManifest.xml:80:13-33
301        <meta-data
301-->[:unityLibrary] AndroidManifest.xml:75:9-77:44
302            android:name="pvr.app.id"
302-->[:unityLibrary] AndroidManifest.xml:76:13-38
303            android:value="9877u89h97gh" />
303-->[:unityLibrary] AndroidManifest.xml:77:13-41
304        <meta-data
304-->[:unityLibrary] AndroidManifest.xml:78:9-80:36
305            android:name="use_record_highlight_feature"
305-->[:unityLibrary] AndroidManifest.xml:79:13-56
306            android:value="True" />
306-->[:unityLibrary] AndroidManifest.xml:80:13-33
307        <meta-data
307-->[:unityLibrary] AndroidManifest.xml:75:9-77:44
308            android:name="pvr.app.id"
308-->[:unityLibrary] AndroidManifest.xml:76:13-38
309            android:value="9877u89h97gh" />
309-->[:unityLibrary] AndroidManifest.xml:77:13-41
310        <meta-data
310-->[:unityLibrary] AndroidManifest.xml:78:9-80:36
311            android:name="use_record_highlight_feature"
311-->[:unityLibrary] AndroidManifest.xml:79:13-56
312            android:value="True" />
312-->[:unityLibrary] AndroidManifest.xml:80:13-33
313        <meta-data
313-->[:unityLibrary] AndroidManifest.xml:75:9-77:44
314            android:name="pvr.app.id"
314-->[:unityLibrary] AndroidManifest.xml:76:13-38
315            android:value="9877u89h97gh" />
315-->[:unityLibrary] AndroidManifest.xml:77:13-41
316        <meta-data
316-->[:unityLibrary] AndroidManifest.xml:78:9-80:36
317            android:name="use_record_highlight_feature"
317-->[:unityLibrary] AndroidManifest.xml:79:13-56
318            android:value="True" />
318-->[:unityLibrary] AndroidManifest.xml:80:13-33
319        <meta-data
319-->[:unityLibrary] AndroidManifest.xml:75:9-77:44
320            android:name="pvr.app.id"
320-->[:unityLibrary] AndroidManifest.xml:76:13-38
321            android:value="9877u89h97gh" />
321-->[:unityLibrary] AndroidManifest.xml:77:13-41
322        <meta-data
322-->[:unityLibrary] AndroidManifest.xml:78:9-80:36
323            android:name="use_record_highlight_feature"
323-->[:unityLibrary] AndroidManifest.xml:79:13-56
324            android:value="True" />
324-->[:unityLibrary] AndroidManifest.xml:80:13-33
325        <meta-data
325-->[:unityLibrary] AndroidManifest.xml:75:9-77:44
326            android:name="pvr.app.id"
326-->[:unityLibrary] AndroidManifest.xml:76:13-38
327            android:value="9877u89h97gh" />
327-->[:unityLibrary] AndroidManifest.xml:77:13-41
328        <meta-data
328-->[:unityLibrary] AndroidManifest.xml:78:9-80:36
329            android:name="use_record_highlight_feature"
329-->[:unityLibrary] AndroidManifest.xml:79:13-56
330            android:value="True" />
330-->[:unityLibrary] AndroidManifest.xml:80:13-33
331        <meta-data
331-->[:unityLibrary] AndroidManifest.xml:75:9-77:44
332            android:name="pvr.app.id"
332-->[:unityLibrary] AndroidManifest.xml:76:13-38
333            android:value="9877u89h97gh" />
333-->[:unityLibrary] AndroidManifest.xml:77:13-41
334        <meta-data
334-->[:unityLibrary] AndroidManifest.xml:78:9-80:36
335            android:name="use_record_highlight_feature"
335-->[:unityLibrary] AndroidManifest.xml:79:13-56
336            android:value="True" />
336-->[:unityLibrary] AndroidManifest.xml:80:13-33
337        <meta-data
337-->[:unityLibrary] AndroidManifest.xml:75:9-77:44
338            android:name="pvr.app.id"
338-->[:unityLibrary] AndroidManifest.xml:76:13-38
339            android:value="9877u89h97gh" />
339-->[:unityLibrary] AndroidManifest.xml:77:13-41
340        <meta-data
340-->[:unityLibrary] AndroidManifest.xml:78:9-80:36
341            android:name="use_record_highlight_feature"
341-->[:unityLibrary] AndroidManifest.xml:79:13-56
342            android:value="True" />
342-->[:unityLibrary] AndroidManifest.xml:80:13-33
343        <meta-data
343-->[:unityLibrary] AndroidManifest.xml:75:9-77:44
344            android:name="pvr.app.id"
344-->[:unityLibrary] AndroidManifest.xml:76:13-38